<?xml version="1.0" encoding="UTF-8"?>
<testsuite xmlns:xsi="http://www.w3.org/2001/XMLSchema-instance" xsi:noNamespaceSchemaLocation="https://maven.apache.org/surefire/maven-surefire-plugin/xsd/surefire-test-report.xsd" name="runner.TestRunner" time="64.76" tests="14" errors="0" skipped="0" failures="0">
  <properties>
[...]
</properties>
  <testcase name="Login with valid credentials #1" classname="Login Functionality" time="5.258"/>
  <testcase name="Login with valid credentials #2" classname="Login Functionality" time="4.75"/>
  <testcase name="Login with valid credentials #3" classname="Login Functionality" time="4.906"/>
  <testcase name="Login with invalid credentials" classname="Login Functionality" time="4.488"/>
  <testcase name="Login with valid email and invalid Password" classname="Login Functionality" time="4.433"/>
  <testcase name="Login with invalid email and valid Password" classname="Login Functionality" time="4.51"/>
  <testcase name="Login without prividing any credentials" classname="Login Functionality" time="4.419"/>
  <testcase name="User creates an account only with mandatory fields" classname="Registration functionality" time="4.771"/>
  <testcase name="User creates an account with all fields" classname="Registration functionality" time="4.886"/>
  <testcase name="User creates an account with duplicate email address" classname="Registration functionality" time="5.226"/>
  <testcase name="User creates an account without filling any fields" classname="Registration functionality" time="4.981"/>
  <testcase name="User searches for valid product" classname="Search Functionality" time="4.113"/>
  <testcase name="User searches for invalid product" classname="Search Functionality" time="3.815"/>
  <testcase name="User searches without any product" classname="Search Functionality" time="3.745"/>
</testsuite>